Flow report for counter500ms
Thu Oct 10 15:15:02 2013
Quartus II 32-bit Version 12.1 Build 243 01/31/2013 Service Pack 1 SJ Web Edition


---------------------
; Table of Contents ;
---------------------
  1. Legal Notice
  2. Flow Summary
  3. Flow Settings
  4. Flow Non-Default Global Settings
  5. Flow Elapsed Time
  6. Flow OS Summary
  7. Flow Log



----------------
; Legal Notice ;
----------------
Copyright (C) 1991-2012 Altera Corporation
Your use of Altera Corporation's design tools, logic functions 
and other software and tools, and its AMPP partner logic 
functions, and any output files from any of the foregoing 
(including device programming or simulation files), and any 
associated documentation or information are expressly subject 
to the terms and conditions of the Altera Program License 
Subscription Agreement, Altera MegaCore Function License 
Agreement, or other applicable license agreement, including, 
without limitation, that your use is for the sole purpose of 
programming logic devices manufactured by Altera and sold by 
Altera or its authorized distributors.  Please refer to the 
applicable agreement for further details.



+------------------------------------------------------------------------------------+
; Flow Summary                                                                       ;
+------------------------------------+-----------------------------------------------+
; Flow Status                        ; Successful - Thu Oct 10 15:15:02 2013         ;
; Quartus II 32-bit Version          ; 12.1 Build 243 01/31/2013 SP 1 SJ Web Edition ;
; Revision Name                      ; counter500ms                                  ;
; Top-level Entity Name              ; COUNTER500ms                                  ;
; Family                             ; Cyclone IV E                                  ;
; Device                             ; EP4CE115F29C7                                 ;
; Timing Models                      ; Final                                         ;
; Total logic elements               ; 101 / 114,480 ( < 1 % )                       ;
;     Total combinational functions  ; 63 / 114,480 ( < 1 % )                        ;
;     Dedicated logic registers      ; 86 / 114,480 ( < 1 % )                        ;
; Total registers                    ; 86                                            ;
; Total pins                         ; 19 / 529 ( 4 % )                              ;
; Total virtual pins                 ; 0                                             ;
; Total memory bits                  ; 0 / 3,981,312 ( 0 % )                         ;
; Embedded Multiplier 9-bit elements ; 0 / 532 ( 0 % )                               ;
; Total PLLs                         ; 0 / 4 ( 0 % )                                 ;
+------------------------------------+-----------------------------------------------+


+-----------------------------------------+
; Flow Settings                           ;
+-------------------+---------------------+
; Option            ; Setting             ;
+-------------------+---------------------+
; Start date & time ; 10/10/2013 15:13:26 ;
; Main task         ; Compilation         ;
; Revision Name     ; counter500ms        ;
+-------------------+---------------------+


+--------------------------------------------------------------------------------------------------------------------+
; Flow Non-Default Global Settings                                                                                   ;
+-------------------------------------+-------------------------------+---------------+-------------+----------------+
; Assignment Name                     ; Value                         ; Default Value ; Entity Name ; Section Id     ;
+-------------------------------------+-------------------------------+---------------+-------------+----------------+
; COMPILER_SIGNATURE_ID               ; 166543298027.138138560607864  ; --            ; --          ; --             ;
; EDA_OUTPUT_DATA_FORMAT              ; Vhdl                          ; --            ; --          ; eda_simulation ;
; EDA_SIMULATION_TOOL                 ; ModelSim-Altera (VHDL)        ; <None>        ; --          ; --             ;
; IP_TOOL_NAME                        ; LPM_COUNTER                   ; --            ; --          ; --             ;
; IP_TOOL_VERSION                     ; 12.1                          ; --            ; --          ; --             ;
; MAX_CORE_JUNCTION_TEMP              ; 85                            ; --            ; --          ; --             ;
; MIN_CORE_JUNCTION_TEMP              ; 0                             ; --            ; --          ; --             ;
; MISC_FILE                           ; output_files/lpm_counter0.bsf ; --            ; --          ; --             ;
; MISC_FILE                           ; output_files/lpm_counter0.cmp ; --            ; --          ; --             ;
; PARTITION_COLOR                     ; 16764057                      ; --            ; --          ; Top            ;
; PARTITION_FITTER_PRESERVATION_LEVEL ; PLACEMENT_AND_ROUTING         ; --            ; --          ; Top            ;
; PARTITION_NETLIST_TYPE              ; SOURCE                        ; --            ; --          ; Top            ;
; PROJECT_OUTPUT_DIRECTORY            ; output_files                  ; --            ; --          ; --             ;
; SEARCH_PATH                         ; c:\altera-work\gen10khz       ; --            ; --          ; --             ;
; SEARCH_PATH                         ; c:\altera-work\gen1khz        ; --            ; --          ; --             ;
; SEARCH_PATH                         ; c:\altera-work\seg7led        ; --            ; --          ; --             ;
+-------------------------------------+-------------------------------+---------------+-------------+----------------+


+-------------------------------------------------------------------------------------------------------------------------------+
; Flow Elapsed Time                                                                                                             ;
+---------------------------+--------------+-------------------------+---------------------+------------------------------------+
; Module Name               ; Elapsed Time ; Average Processors Used ; Peak Virtual Memory ; Total CPU Time (on all processors) ;
+---------------------------+--------------+-------------------------+---------------------+------------------------------------+
; Analysis & Synthesis      ; 00:00:05     ; 1.0                     ; 369 MB              ; 00:00:04                           ;
; Fitter                    ; 00:00:51     ; 1.4                     ; 629 MB              ; 00:00:48                           ;
; Assembler                 ; 00:00:15     ; 1.0                     ; 350 MB              ; 00:00:12                           ;
; TimeQuest Timing Analyzer ; 00:00:12     ; 1.0                     ; 409 MB              ; 00:00:05                           ;
; EDA Netlist Writer        ; 00:00:03     ; 1.0                     ; 325 MB              ; 00:00:02                           ;
; Total                     ; 00:01:26     ; --                      ; --                  ; 00:01:11                           ;
+---------------------------+--------------+-------------------------+---------------------+------------------------------------+


+----------------------------------------------------------------------------------------+
; Flow OS Summary                                                                        ;
+---------------------------+------------------+-----------+------------+----------------+
; Module Name               ; Machine Hostname ; OS Name   ; OS Version ; Processor type ;
+---------------------------+------------------+-----------+------------+----------------+
; Analysis & Synthesis      ; asakaze          ; Windows 7 ; 6.1        ; x86_64         ;
; Fitter                    ; asakaze          ; Windows 7 ; 6.1        ; x86_64         ;
; Assembler                 ; asakaze          ; Windows 7 ; 6.1        ; x86_64         ;
; TimeQuest Timing Analyzer ; asakaze          ; Windows 7 ; 6.1        ; x86_64         ;
; EDA Netlist Writer        ; asakaze          ; Windows 7 ; 6.1        ; x86_64         ;
+---------------------------+------------------+-----------+------------+----------------+


------------
; Flow Log ;
------------
quartus_map --read_settings_files=on --write_settings_files=off counter500ms -c counter500ms
quartus_fit --read_settings_files=off --write_settings_files=off counter500ms -c counter500ms
quartus_asm --read_settings_files=off --write_settings_files=off counter500ms -c counter500ms
quartus_sta counter500ms -c counter500ms
quartus_eda --read_settings_files=off --write_settings_files=off counter500ms -c counter500ms



