Flow report for one_hot_state_counter
Fri Oct 31 06:57:41 2025
Quartus Prime Version 20.1.1 Build 720 11/11/2020 Patches 1.02i SJ Lite Edition


---------------------
; Table of Contents ;
---------------------
  1. Legal Notice
  2. Flow Summary
  3. Flow Settings
  4. Flow Non-Default Global Settings
  5. Flow Elapsed Time
  6. Flow OS Summary
  7. Flow Log
  8. Flow Messages
  9. Flow Suppressed Messages



----------------
; Legal Notice ;
----------------
Copyright (C) 2020  Intel Corporation. All rights reserved.
Your use of Intel Corporation's design tools, logic functions 
and other software and tools, and any partner logic 
functions, and any output files from any of the foregoing 
(including device programming or simulation files), and any 
associated documentation or information are expressly subject 
to the terms and conditions of the Intel Program License 
Subscription Agreement, the Intel Quartus Prime License Agreement,
the Intel FPGA IP License Agreement, or other applicable license
agreement, including, without limitation, that your use is for
the sole purpose of programming logic devices manufactured by
Intel and sold by Intel or its authorized distributors.  Please
refer to the applicable agreement for further details, at
https://fpgasoftware.intel.com/eula.



+------------------------------------------------------------------------------------------------+
; Flow Summary                                                                                   ;
+------------------------------------+-----------------------------------------------------------+
; Flow Status                        ; Successful - Fri Oct 31 06:57:37 2025                     ;
; Quartus Prime Version              ; 20.1.1 Build 720 11/11/2020 Patches 1.02i SJ Lite Edition ;
; Revision Name                      ; one_hot_state_counter                                     ;
; Top-level Entity Name              ; OHSC_interface_two                                        ;
; Family                             ; Cyclone IV E                                              ;
; Device                             ; EP4CE115F29C7                                             ;
; Timing Models                      ; Final                                                     ;
; Total logic elements               ; 128 / 114,480 ( < 1 % )                                   ;
;     Total combinational functions  ; 127 / 114,480 ( < 1 % )                                   ;
;     Dedicated logic registers      ; 65 / 114,480 ( < 1 % )                                    ;
; Total registers                    ; 65                                                        ;
; Total pins                         ; 40 / 529 ( 8 % )                                          ;
; Total virtual pins                 ; 0                                                         ;
; Total memory bits                  ; 45 / 3,981,312 ( < 1 % )                                  ;
; Embedded Multiplier 9-bit elements ; 0 / 532 ( 0 % )                                           ;
; Total PLLs                         ; 0 / 4 ( 0 % )                                             ;
+------------------------------------+-----------------------------------------------------------+


+-------------------------------------------+
; Flow Settings                             ;
+-------------------+-----------------------+
; Option            ; Setting               ;
+-------------------+-----------------------+
; Start date & time ; 10/31/2025 06:56:34   ;
; Main task         ; Compilation           ;
; Revision Name     ; one_hot_state_counter ;
+-------------------+-----------------------+


+----------------------------------------------------------------------------------------------------------------------------------------+
; Flow Non-Default Global Settings                                                                                                       ;
+-------------------------------------+----------------------------------------+-----------------------+--------------------+------------+
; Assignment Name                     ; Value                                  ; Default Value         ; Entity Name        ; Section Id ;
+-------------------------------------+----------------------------------------+-----------------------+--------------------+------------+
; COMPILER_SIGNATURE_ID               ; 202449963530405.176186139426848        ; --                    ; --                 ; --         ;
; MAX_CORE_JUNCTION_TEMP              ; 85                                     ; --                    ; --                 ; --         ;
; MIN_CORE_JUNCTION_TEMP              ; 0                                      ; --                    ; --                 ; --         ;
; NOMINAL_CORE_SUPPLY_VOLTAGE         ; 1.2V                                   ; --                    ; --                 ; --         ;
; PARTITION_COLOR                     ; -- (Not supported for targeted family) ; --                    ; OHSC_interface_two ; Top        ;
; PARTITION_FITTER_PRESERVATION_LEVEL ; -- (Not supported for targeted family) ; --                    ; OHSC_interface_two ; Top        ;
; PARTITION_NETLIST_TYPE              ; -- (Not supported for targeted family) ; --                    ; OHSC_interface_two ; Top        ;
; POWER_BOARD_THERMAL_MODEL           ; None (CONSERVATIVE)                    ; --                    ; --                 ; --         ;
; POWER_PRESET_COOLING_SOLUTION       ; 23 MM HEAT SINK WITH 200 LFPM AIRFLOW  ; --                    ; --                 ; --         ;
; PROJECT_OUTPUT_DIRECTORY            ; output_files                           ; --                    ; --                 ; --         ;
; SEARCH_PATH                         ; c:\work\exp_two\gen10khz               ; --                    ; --                 ; --         ;
; SEARCH_PATH                         ; c:\work\exp_two\gen1khz                ; --                    ; --                 ; --         ;
; SEARCH_PATH                         ; c:\work\exp_two\counter500ms           ; --                    ; --                 ; --         ;
; SEARCH_PATH                         ; c:\work\exp_two\chatter                ; --                    ; --                 ; --         ;
; TOP_LEVEL_ENTITY                    ; OHSC_interface_two                     ; one_hot_state_counter ; --                 ; --         ;
+-------------------------------------+----------------------------------------+-----------------------+--------------------+------------+


+--------------------------------------------------------------------------------------------------------------------------+
; Flow Elapsed Time                                                                                                        ;
+----------------------+--------------+-------------------------+---------------------+------------------------------------+
; Module Name          ; Elapsed Time ; Average Processors Used ; Peak Virtual Memory ; Total CPU Time (on all processors) ;
+----------------------+--------------+-------------------------+---------------------+------------------------------------+
; Analysis & Synthesis ; 00:00:22     ; 1.0                     ; 4866 MB             ; 00:00:37                           ;
; Fitter               ; 00:00:32     ; 1.0                     ; 6337 MB             ; 00:00:47                           ;
; Assembler            ; 00:00:06     ; 1.0                     ; 4706 MB             ; 00:00:05                           ;
; Timing Analyzer      ; 00:00:03     ; 1.1                     ; 4960 MB             ; 00:00:03                           ;
; Total                ; 00:01:03     ; --                      ; --                  ; 00:01:32                           ;
+----------------------+--------------+-------------------------+---------------------+------------------------------------+


+------------------------------------------------------------------------------------+
; Flow OS Summary                                                                    ;
+----------------------+------------------+------------+------------+----------------+
; Module Name          ; Machine Hostname ; OS Name    ; OS Version ; Processor type ;
+----------------------+------------------+------------+------------+----------------+
; Analysis & Synthesis ; DESKTOP-TALVC1P  ; Windows 10 ; 10.0       ; x86_64         ;
; Fitter               ; DESKTOP-TALVC1P  ; Windows 10 ; 10.0       ; x86_64         ;
; Assembler            ; DESKTOP-TALVC1P  ; Windows 10 ; 10.0       ; x86_64         ;
; Timing Analyzer      ; DESKTOP-TALVC1P  ; Windows 10 ; 10.0       ; x86_64         ;
+----------------------+------------------+------------+------------+----------------+


------------
; Flow Log ;
------------
quartus_map --read_settings_files=on --write_settings_files=off one_hot_state_counter -c one_hot_state_counter
quartus_fit --read_settings_files=off --write_settings_files=off one_hot_state_counter -c one_hot_state_counter
quartus_asm --read_settings_files=off --write_settings_files=off one_hot_state_counter -c one_hot_state_counter
quartus_sta one_hot_state_counter -c one_hot_state_counter



