Flow report for dice_jk
Fri Oct 17 09:48:08 2025
Quartus Prime Version 20.1.1 Build 720 11/11/2020 Patches 1.02i SJ Lite Edition


---------------------
; Table of Contents ;
---------------------
  1. Legal Notice
  2. Flow Summary
  3. Flow Settings
  4. Flow Non-Default Global Settings
  5. Flow Elapsed Time
  6. Flow OS Summary
  7. Flow Log
  8. Flow Messages
  9. Flow Suppressed Messages



----------------
; Legal Notice ;
----------------
Copyright (C) 2020  Intel Corporation. All rights reserved.
Your use of Intel Corporation's design tools, logic functions 
and other software and tools, and any partner logic 
functions, and any output files from any of the foregoing 
(including device programming or simulation files), and any 
associated documentation or information are expressly subject 
to the terms and conditions of the Intel Program License 
Subscription Agreement, the Intel Quartus Prime License Agreement,
the Intel FPGA IP License Agreement, or other applicable license
agreement, including, without limitation, that your use is for
the sole purpose of programming logic devices manufactured by
Intel and sold by Intel or its authorized distributors.  Please
refer to the applicable agreement for further details, at
https://fpgasoftware.intel.com/eula.



+------------------------------------------------------------------------------------------------+
; Flow Summary                                                                                   ;
+------------------------------------+-----------------------------------------------------------+
; Flow Status                        ; EDA Netlist Writer Failed - Fri Oct 17 09:48:08 2025      ;
; Quartus Prime Version              ; 20.1.1 Build 720 11/11/2020 Patches 1.02i SJ Lite Edition ;
; Revision Name                      ; dice_jk                                                   ;
; Top-level Entity Name              ; dice_jk                                                   ;
; Family                             ; Cyclone IV E                                              ;
; Device                             ; EP4CE115F29C7                                             ;
; Timing Models                      ; Final                                                     ;
; Total logic elements               ; 5 / 114,480 ( < 1 % )                                     ;
;     Total combinational functions  ; 5 / 114,480 ( < 1 % )                                     ;
;     Dedicated logic registers      ; 3 / 114,480 ( < 1 % )                                     ;
; Total registers                    ; 3                                                         ;
; Total pins                         ; 9 / 529 ( 2 % )                                           ;
; Total virtual pins                 ; 0                                                         ;
; Total memory bits                  ; 0 / 3,981,312 ( 0 % )                                     ;
; Embedded Multiplier 9-bit elements ; 0 / 532 ( 0 % )                                           ;
; Total PLLs                         ; 0 / 4 ( 0 % )                                             ;
+------------------------------------+-----------------------------------------------------------+


+-----------------------------------------+
; Flow Settings                           ;
+-------------------+---------------------+
; Option            ; Setting             ;
+-------------------+---------------------+
; Start date & time ; 10/17/2025 09:41:01 ;
; Main task         ; Compilation         ;
; Revision Name     ; dice_jk             ;
+-------------------+---------------------+


+-------------------------------------------------------------------------------------------------------------------------+
; Flow Non-Default Global Settings                                                                                        ;
+-------------------------------------+----------------------------------------+---------------+-------------+------------+
; Assignment Name                     ; Value                                  ; Default Value ; Entity Name ; Section Id ;
+-------------------------------------+----------------------------------------+---------------+-------------+------------+
; COMPILER_SIGNATURE_ID               ; 202449963530405.176066166113928        ; --            ; --          ; --         ;
; MAX_CORE_JUNCTION_TEMP              ; 85                                     ; --            ; --          ; --         ;
; MIN_CORE_JUNCTION_TEMP              ; 0                                      ; --            ; --          ; --         ;
; PARTITION_COLOR                     ; -- (Not supported for targeted family) ; --            ; --          ; Top        ;
; PARTITION_FITTER_PRESERVATION_LEVEL ; -- (Not supported for targeted family) ; --            ; --          ; Top        ;
; PARTITION_NETLIST_TYPE              ; -- (Not supported for targeted family) ; --            ; --          ; Top        ;
; PROJECT_OUTPUT_DIRECTORY            ; output_files                           ; --            ; --          ; --         ;
+-------------------------------------+----------------------------------------+---------------+-------------+------------+


+--------------------------------------------------------------------------------------------------------------------------+
; Flow Elapsed Time                                                                                                        ;
+----------------------+--------------+-------------------------+---------------------+------------------------------------+
; Module Name          ; Elapsed Time ; Average Processors Used ; Peak Virtual Memory ; Total CPU Time (on all processors) ;
+----------------------+--------------+-------------------------+---------------------+------------------------------------+
; Analysis & Synthesis ; 00:00:08     ; 1.0                     ; 4833 MB             ; 00:00:15                           ;
; Fitter               ; 00:00:09     ; 1.0                     ; 6313 MB             ; 00:00:22                           ;
; Assembler            ; 00:00:02     ; 1.0                     ; 4707 MB             ; 00:00:02                           ;
; Timing Analyzer      ; 00:00:02     ; 1.1                     ; 4925 MB             ; 00:00:01                           ;
; EDA Netlist Writer   ; 00:00:01     ; 1.0                     ; 4651 MB             ; 00:00:00                           ;
; EDA Netlist Writer   ; 00:00:00     ; 1.0                     ; 4651 MB             ; 00:00:00                           ;
; EDA Netlist Writer   ; 00:00:01     ; 1.0                     ; 4662 MB             ; 00:00:00                           ;
; EDA Netlist Writer   ; 00:00:01     ; 1.0                     ; 4651 MB             ; 00:00:00                           ;
; EDA Netlist Writer   ; 00:00:01     ; 1.0                     ; 4662 MB             ; 00:00:00                           ;
; EDA Netlist Writer   ; 00:00:01     ; 1.0                     ; 4651 MB             ; 00:00:00                           ;
; Total                ; 00:00:26     ; --                      ; --                  ; 00:00:40                           ;
+----------------------+--------------+-------------------------+---------------------+------------------------------------+


+------------------------------------------------------------------------------------+
; Flow OS Summary                                                                    ;
+----------------------+------------------+------------+------------+----------------+
; Module Name          ; Machine Hostname ; OS Name    ; OS Version ; Processor type ;
+----------------------+------------------+------------+------------+----------------+
; Analysis & Synthesis ; DESKTOP-TALVC1P  ; Windows 10 ; 10.0       ; x86_64         ;
; Fitter               ; DESKTOP-TALVC1P  ; Windows 10 ; 10.0       ; x86_64         ;
; Assembler            ; DESKTOP-TALVC1P  ; Windows 10 ; 10.0       ; x86_64         ;
; Timing Analyzer      ; DESKTOP-TALVC1P  ; Windows 10 ; 10.0       ; x86_64         ;
; EDA Netlist Writer   ; DESKTOP-TALVC1P  ; Windows 10 ; 10.0       ; x86_64         ;
; EDA Netlist Writer   ; DESKTOP-TALVC1P  ; Windows 10 ; 10.0       ; x86_64         ;
; EDA Netlist Writer   ; DESKTOP-TALVC1P  ; Windows 10 ; 10.0       ; x86_64         ;
; EDA Netlist Writer   ; DESKTOP-TALVC1P  ; Windows 10 ; 10.0       ; x86_64         ;
; EDA Netlist Writer   ; DESKTOP-TALVC1P  ; Windows 10 ; 10.0       ; x86_64         ;
; EDA Netlist Writer   ; DESKTOP-TALVC1P  ; Windows 10 ; 10.0       ; x86_64         ;
+----------------------+------------------+------------+------------+----------------+


------------
; Flow Log ;
------------
quartus_map --read_settings_files=on --write_settings_files=off dice_jk -c dice_jk
quartus_fit --read_settings_files=off --write_settings_files=off dice_jk -c dice_jk
quartus_asm --read_settings_files=off --write_settings_files=off dice_jk -c dice_jk
quartus_sta dice_jk -c dice_jk
quartus_eda --gen_testbench --tool=modelsim_oem --format=verilog --write_settings_files=off dice_jk -c dice_jk --vector_source=C:/work/Exp_one/dice_jk/output_files/Waveform.vwf --testbench_file=C:/work/Exp_one/dice_jk/simulation/qsim/output_files/Waveform.vwf.vt
quartus_eda --gen_testbench --tool=modelsim_oem --format=verilog --write_settings_files=off dice_jk -c dice_jk --vector_source=C:/work/Exp_one/dice_jk/Waveform.vwf --testbench_file=C:/work/Exp_one/dice_jk/simulation/qsim/Waveform.vwf.vt
quartus_eda --write_settings_files=off --simulation=on --functional=on --flatten_buses=off --tool=modelsim_oem --format=verilog --output_directory=C:/work/Exp_one/dice_jk/simulation/qsim/ dice_jk -c dice_jk
quartus_eda --gen_testbench --tool=modelsim_oem --format=verilog --write_settings_files=off dice_jk -c dice_jk --vector_source=C:/work/Exp_one/dice_jk/Waveform1.vwf --testbench_file=C:/work/Exp_one/dice_jk/simulation/qsim/Waveform1.vwf.vt
quartus_eda --write_settings_files=off --simulation=on --functional=on --flatten_buses=off --tool=modelsim_oem --format=verilog --output_directory=C:/work/Exp_one/dice_jk/simulation/qsim/ dice_jk -c dice_jk
quartus_eda --gen_testbench --tool=modelsim_oem --format=verilog --write_settings_files=off dice_jk -c dice_jk --vector_source=C:/work/Exp_one/dice_jk/output_files/Waveform.vwf --testbench_file=C:/work/Exp_one/dice_jk/simulation/qsim/output_files/Waveform.vwf.vt



